<?xml version="1.0" encoding="UTF-8"?>
<testng-results ignored="0" total="1" passed="1" failed="0" skipped="0">
  <reporter-output>
  </reporter-output>
  <suite started-at="2024-04-10T12:27:32 IST" name="Suite" finished-at="2024-04-10T12:29:46 IST" duration-ms="133738">
    <groups>
    </groups>
    <test started-at="2024-04-10T12:27:32 IST" name="Test" finished-at="2024-04-10T12:29:46 IST" duration-ms="133738">
      <class name="Frame.Mobiletest">
        <test-method is-config="true" signature="bt()[pri:0, instance:Frame.Mobiletest@6c64cb25]" started-at="2024-04-10T12:27:32 IST" name="bt" finished-at="2024-04-10T12:29:41 IST" duration-ms="128926" status="PASS">
          <reporter-output>
          </reporter-output>
        </test-method> <!-- bt -->
        <test-method signature="shoes()[pri:0, instance:Frame.Mobiletest@6c64cb25]" started-at="2024-04-10T12:29:41 IST" name="shoes" finished-at="2024-04-10T12:29:46 IST" duration-ms="4686" status="PASS">
          <reporter-output>
          </reporter-output>
        </test-method> <!-- shoes -->
      </class> <!-- Frame.Mobiletest -->
    </test> <!-- Test -->
  </suite> <!-- Suite -->
</testng-results>
